TN:
SF:components/button/ButtonDefault.vue
FN:14,(anonymous_2)
FN:21,(anonymous_3)
FNF:2
FNH:2
FNDA:14,(anonymous_2)
FNDA:14,(anonymous_3)
DA:6,1
DA:7,1
DA:15,14
DA:22,14
LF:4
LH:4
BRDA:22,0,0,7
BRDA:22,0,1,7
BRF:2
BRH:2
end_of_record
TN:
SF:components/button/ButtonLink.vue
FN:18,(anonymous_2)
FN:22,(anonymous_3)
FN:26,(anonymous_4)
FNF:3
FNH:3
FNDA:18,(anonymous_2)
FNDA:9,(anonymous_3)
FNDA:9,(anonymous_4)
DA:7,1
DA:19,18
DA:23,9
DA:27,9
LF:4
LH:4
BRDA:19,0,0,9
BRDA:19,0,1,9
BRDA:23,1,0,0
BRDA:23,1,1,9
BRDA:27,2,0,0
BRDA:27,2,1,9
BRF:6
BRH:4
end_of_record
TN:
SF:components/button/JumpstartButton.vue
FN:24,(anonymous_5)
FN:39,(anonymous_6)
FN:48,(anonymous_7)
FN:55,(anonymous_8)
FN:56,(anonymous_10)
FN:60,(anonymous_12)
FN:64,(anonymous_13)
FNF:7
FNH:7
FNDA:32,(anonymous_5)
FNDA:32,(anonymous_6)
FNDA:32,(anonymous_7)
FNDA:2,(anonymous_8)
FNDA:2,(anonymous_10)
FNDA:32,(anonymous_12)
FNDA:32,(anonymous_13)
DA:14,1
DA:16,1
DA:25,32
DA:40,32
DA:49,32
DA:55,2
DA:56,2
DA:61,32
DA:65,32
LF:9
LH:9
BRF:0
BRH:0
end_of_record
TN:
SF:components/form/FormError.vue
FN:19,(anonymous_2)
FNF:1
FNH:1
FNDA:9,(anonymous_2)
DA:6,1
DA:8,1
DA:20,9
LF:3
LH:3
BRF:0
BRH:0
end_of_record
TN:
SF:components/form/FormGroup.vue
FN:23,(anonymous_2)
FNF:1
FNH:1
FNDA:6,(anonymous_2)
DA:9,1
DA:10,1
DA:12,1
DA:24,6
LF:4
LH:4
BRF:0
BRH:0
end_of_record
TN:
SF:components/form/FormInput.vue
FN:36,(anonymous_2)
FN:53,(anonymous_3)
FN:57,(anonymous_4)
FNF:3
FNH:3
FNDA:8,(anonymous_2)
FNDA:8,(anonymous_3)
FNDA:8,(anonymous_4)
DA:15,1
DA:16,1
DA:18,1
DA:37,8
DA:54,8
DA:58,8
LF:6
LH:6
BRDA:54,0,0,8
BRDA:54,0,1,0
BRF:2
BRH:1
end_of_record
TN:
SF:components/form/FormLabel.vue
FN:26,(anonymous_2)
FN:30,(anonymous_3)
FNF:2
FNH:2
FNDA:13,(anonymous_2)
FNDA:13,(anonymous_3)
DA:9,1
DA:10,1
DA:27,13
DA:31,13
LF:4
LH:4
BRF:0
BRH:0
end_of_record
TN:
SF:components/form/FormWrapper.vue
FN:22,(anonymous_2)
FN:29,(anonymous_3)
FNF:2
FNH:2
FNDA:4,(anonymous_2)
FNDA:4,(anonymous_3)
DA:8,1
DA:9,1
DA:23,4
DA:30,4
LF:4
LH:4
BRF:0
BRH:0
end_of_record
TN:
SF:components/image/JumpstartImage.vue
FN:38,(anonymous_2)
FN:46,(anonymous_3)
FN:51,(anonymous_4)
FN:55,(anonymous_5)
FN:61,(anonymous_6)
FN:85,(anonymous_7)
FN:93,(anonymous_8)
FN:94,(anonymous_9)
FN:106,(anonymous_10)
FNF:9
FNH:6
FNDA:18,(anonymous_2)
FNDA:18,(anonymous_3)
FNDA:18,(anonymous_4)
FNDA:18,(anonymous_5)
FNDA:7,(anonymous_6)
FNDA:0,(anonymous_7)
FNDA:18,(anonymous_8)
FNDA:0,(anonymous_9)
FNDA:0,(anonymous_10)
DA:23,1
DA:26,1
DA:28,1
DA:39,18
DA:47,18
DA:48,18
DA:52,18
DA:56,18
DA:62,49
DA:70,49
DA:78,7
DA:79,7
DA:80,7
DA:81,7
DA:82,7
DA:83,7
DA:84,7
DA:85,7
DA:86,0
DA:87,0
DA:88,0
DA:94,18
DA:95,0
DA:98,0
DA:99,0
DA:103,18
DA:107,0
LF:27
LH:20
BRDA:98,0,0,0
BRDA:98,0,1,0
BRF:2
BRH:0
end_of_record
TN:
SF:components/layout/Grid.vue
FN:17,(anonymous_2)
FN:24,(anonymous_3)
FNF:2
FNH:2
FNDA:3,(anonymous_2)
FNDA:3,(anonymous_3)
DA:8,1
DA:9,1
DA:18,3
DA:25,3
LF:4
LH:4
BRF:0
BRH:0
end_of_record
TN:
SF:components/layout/GridSection.vue
FN:42,(anonymous_2)
FN:53,(anonymous_3)
FN:64,(anonymous_4)
FNF:3
FNH:3
FNDA:4,(anonymous_2)
FNDA:4,(anonymous_3)
FNDA:4,(anonymous_4)
DA:8,1
DA:12,1
DA:43,4
DA:54,4
DA:65,4
LF:5
LH:5
BRDA:43,0,0,20
BRDA:43,0,1,0
BRDA:54,1,0,20
BRDA:54,1,1,0
BRF:4
BRH:2
end_of_record
TN:
SF:components/layout/GridSectionSpan.vue
FN:31,(anonymous_2)
FN:42,(anonymous_3)
FNF:2
FNH:2
FNDA:3,(anonymous_2)
FNDA:3,(anonymous_3)
DA:8,1
DA:12,1
DA:32,3
DA:43,3
LF:4
LH:4
BRDA:32,0,0,18
BRDA:32,0,1,0
BRF:2
BRH:1
end_of_record
TN:
SF:components/layout/Spacer.vue
FN:15,(anonymous_2)
FN:22,(anonymous_3)
FNF:2
FNH:2
FNDA:3,(anonymous_2)
FNDA:3,(anonymous_3)
DA:6,1
DA:7,1
DA:16,3
DA:23,3
LF:4
LH:4
BRF:0
BRH:0
end_of_record
TN:
SF:components/tabs/Tabs.vue
FN:60,(anonymous_2)
FN:66,(anonymous_3)
FN:73,(anonymous_4)
FN:77,(anonymous_5)
FN:81,(anonymous_6)
FN:85,(anonymous_7)
FN:89,(anonymous_8)
FN:93,(anonymous_9)
FN:97,(anonymous_10)
FN:103,(anonymous_11)
FN:107,(anonymous_12)
FN:114,(anonymous_13)
FN:124,(anonymous_14)
FN:136,(anonymous_15)
FN:140,(anonymous_16)
FNF:15
FNH:13
FNDA:12,(anonymous_2)
FNDA:12,(anonymous_3)
FNDA:12,(anonymous_4)
FNDA:12,(anonymous_5)
FNDA:12,(anonymous_6)
FNDA:12,(anonymous_7)
FNDA:12,(anonymous_8)
FNDA:12,(anonymous_9)
FNDA:12,(anonymous_10)
FNDA:1,(anonymous_11)
FNDA:1,(anonymous_12)
FNDA:1,(anonymous_13)
FNDA:1,(anonymous_14)
FNDA:0,(anonymous_15)
FNDA:0,(anonymous_16)
DA:44,1
DA:47,1
DA:61,12
DA:67,12
DA:74,12
DA:78,12
DA:82,12
DA:86,12
DA:90,12
DA:94,12
DA:98,12
DA:104,1
DA:108,1
DA:110,1
DA:111,1
DA:115,1
DA:117,1
DA:118,2
DA:120,1
DA:125,1
DA:127,1
DA:128,2
DA:130,1
DA:133,0
DA:137,0
DA:141,0
DA:143,0
DA:146,0
LF:28
LH:23
BRDA:117,0,0,1
BRDA:117,0,1,0
BRDA:127,1,0,1
BRDA:127,1,1,0
BRF:4
BRH:2
end_of_record
TN:
SF:components/text/TextBody.vue
FN:33,(anonymous_2)
FN:42,(anonymous_3)
FN:49,(anonymous_4)
FN:53,(anonymous_5)
FNF:4
FNH:4
FNDA:7,(anonymous_2)
FNDA:7,(anonymous_3)
FNDA:7,(anonymous_4)
FNDA:7,(anonymous_5)
DA:6,1
DA:7,1
DA:8,1
DA:34,7
DA:43,7
DA:50,7
DA:54,7
LF:7
LH:7
BRF:0
BRH:0
end_of_record
TN:
SF:components/text/TextTitle.vue
FN:6,(anonymous_2)
FN:24,(anonymous_3)
FN:45,(anonymous_4)
FN:60,(anonymous_5)
FNF:4
FNH:4
FNDA:8,(anonymous_2)
FNDA:8,(anonymous_3)
FNDA:8,(anonymous_4)
FNDA:8,(anonymous_5)
DA:2,1
DA:3,1
DA:7,8
DA:25,8
DA:46,8
DA:61,8
LF:6
LH:6
BRDA:25,0,0,8
BRDA:25,0,1,8
BRF:2
BRH:2
end_of_record
